TN:
SF:01-requestcount.js
FN:8,countRequest
FNF:1
FNH:1
FNDA:1,countRequest
DA:1,1
DA:2,1
DA:3,1
DA:4,1
DA:5,1
DA:6,1
DA:7,1
DA:8,1
DA:9,1
DA:10,1
DA:11,1
DA:12,1
DA:13,1
DA:14,1
DA:15,0
DA:16,1
DA:17,1
DA:18,1
DA:19,0
DA:20,1
DA:21,1
DA:22,1
DA:23,1
DA:24,1
DA:25,1
DA:26,1
LF:26
LH:24
BRDA:8,0,0,1
BRDA:22,1,0,1
BRF:2
BRH:2
end_of_record
TN:
SF:02-ratelimitter.js
FN:10,reqLimit
FNF:1
FNH:1
FNDA:13,reqLimit
DA:1,1
DA:2,1
DA:3,1
DA:4,1
DA:5,1
DA:6,1
DA:7,2
DA:8,1
DA:9,1
DA:10,13
DA:11,13
DA:12,13
DA:13,2
DA:14,2
DA:15,13
DA:16,13
DA:17,13
DA:18,13
DA:19,7
DA:20,7
DA:21,6
DA:22,6
DA:23,1
DA:24,1
DA:25,6
DA:26,1
DA:27,1
DA:28,1
DA:29,0
DA:30,1
DA:31,1
DA:32,1
LF:32
LH:31
BRDA:6,0,0,2
BRDA:10,1,0,13
BRDA:12,2,0,2
BRDA:18,3,0,7
BRDA:20,4,0,6
BRDA:24,5,0,6
BRF:6
BRH:6
end_of_record
TN:
SF:03-errorcount.js
FNF:0
FNH:0
DA:1,1
DA:2,1
DA:3,1
DA:4,1
DA:5,1
DA:6,1
DA:7,1
DA:8,1
DA:9,1
DA:10,1
DA:11,1
DA:12,1
DA:13,1
DA:14,11
DA:15,0
DA:16,1
DA:17,1
DA:18,1
DA:19,0
DA:20,1
DA:21,1
DA:22,1
DA:23,2
DA:24,1
DA:25,1
DA:26,1
DA:27,1
DA:28,11
DA:29,11
DA:30,11
DA:31,1
LF:31
LH:29
BRDA:13,0,0,11
BRDA:14,1,0,0
BRDA:22,2,0,2
BRDA:27,3,0,11
BRF:4
BRH:3
end_of_record
